<?xml version="1.0" encoding="UTF-8"?>
<!-- Generated by org.testng.reporters.JUnitReportReporter -->
<testsuite hostname="Citius" failures="0" tests="1" name="it.grimiandr.test.app.main.MainTest" time="0.299" errors="0" timestamp="2020-07-25T09:17:24 CEST" skipped="0">
  <testcase classname="it.grimiandr.test.app.main.MainTest" name="shouldAuthenticateUser" time="0.299"/>
  <system-out/>
</testsuite> <!-- it.grimiandr.test.app.main.MainTest -->
